<?xml version="1.0" encoding="UTF-8"?>
<testsuite xmlns:xsi="http://www.w3.org/2001/XMLSchema-instance" xsi:noNamespaceSchemaLocation="https://maven.apache.org/surefire/maven-surefire-plugin/xsd/surefire-test-report-3.0.xsd" version="3.0" name="com.interview.platform.ApplicationTests" time="2.006" tests="1" errors="0" skipped="0" failures="0">
  <properties>
[...]
</properties>
  <testcase name="contextLoads" classname="com.interview.platform.ApplicationTests" time="0.212">
    <system-out><![CDATA[21:57:30.926 [main] INFO org.springframework.test.context.support.AnnotationConfigContextLoaderUtils -- Could not detect default configuration classes for test class [com.interview.platform.ApplicationTests]: ApplicationTests does not declare any static, non-private, non-final, nested classes annotated with @Configuration.
21:57:30.956 [main] INFO org.springframework.boot.test.context.SpringBootTestContextBootstrapper -- Found @SpringBootConfiguration com.interview.platform.Application for test class com.interview.platform.ApplicationTests

  .   ____          _            __ _ _
 /\\ / ___'_ __ _ _(_)_ __  __ _ \ \ \ \
( ( )\___ | '_ | '_| | '_ \/ _` | \ \ \ \
 \\/  ___)| |_)| | | | | || (_| |  ) ) ) )
  '  |____| .__|_| |_|_| |_\__, | / / / /
 =========|_|==============|___/=/_/_/_/
 :: Spring Boot ::                (v3.2.5)

2026-06-01T21:57:31.075+05:30  INFO 2564 --- [ai-interview-platform] [           main] c.interview.platform.ApplicationTests    : Starting ApplicationTests using Java 26.0.1 with PID 2564 (started by asthapatel in /Users/asthapatel/prompt-to-pro/backend)
2026-06-01T21:57:31.076+05:30  INFO 2564 --- [ai-interview-platform] [           main] c.interview.platform.ApplicationTests    : No active profile set, falling back to 1 default profile: "default"
2026-06-01T21:57:31.307+05:30  INFO 2564 --- [ai-interview-platform] [           main] .s.d.r.c.RepositoryConfigurationDelegate : Bootstrapping Spring Data JPA repositories in DEFAULT mode.
2026-06-01T21:57:31.327+05:30  INFO 2564 --- [ai-interview-platform] [           main] .s.d.r.c.RepositoryConfigurationDelegate : Finished Spring Data repository scanning in 17 ms. Found 7 JPA repository interfaces.
2026-06-01T21:57:31.473+05:30  INFO 2564 --- [ai-interview-platform] [           main] o.hibernate.jpa.internal.util.LogHelper  : HHH000204: Processing PersistenceUnitInfo [name: default]
2026-06-01T21:57:31.495+05:30  INFO 2564 --- [ai-interview-platform] [           main] org.hibernate.Version                    : HHH000412: Hibernate ORM core version 6.4.4.Final
2026-06-01T21:57:31.503+05:30  INFO 2564 --- [ai-interview-platform] [           main] o.h.c.internal.RegionFactoryInitiator    : HHH000026: Second-level cache disabled
2026-06-01T21:57:31.588+05:30  INFO 2564 --- [ai-interview-platform] [           main] o.s.o.j.p.SpringPersistenceUnitInfo      : No LoadTimeWeaver setup: ignoring JPA class transformer
2026-06-01T21:57:31.597+05:30  INFO 2564 --- [ai-interview-platform] [           main] com.zaxxer.hikari.HikariDataSource       : HikariPool-1 - Starting...
2026-06-01T21:57:31.647+05:30  INFO 2564 --- [ai-interview-platform] [           main] com.zaxxer.hikari.pool.HikariPool        : HikariPool-1 - Added connection conn0: url=jdbc:h2:mem:interviewdb user=SA
2026-06-01T21:57:31.648+05:30  INFO 2564 --- [ai-interview-platform] [           main] com.zaxxer.hikari.HikariDataSource       : HikariPool-1 - Start completed.
2026-06-01T21:57:31.949+05:30  INFO 2564 --- [ai-interview-platform] [           main] o.h.e.t.j.p.i.JtaPlatformInitiator       : HHH000489: No JTA platform available (set 'hibernate.transaction.jta.platform' to enable JTA platform integration)
Hibernate: 
    create table company_profiles (
        id bigint generated by default as identity,
        name varchar(255) not null,
        prompt_injection TEXT not null,
        slug varchar(255) not null,
        primary key (id)
    )
Hibernate: 
    create table interview_responses (
        id bigint generated by default as identity,
        confidence_score integer not null,
        emotion_vector varchar(255) not null check (emotion_vector in ('PROFESSIONAL','ANXIOUS','ENTHUSIASTIC','NEUTRAL')),
        filler_word_count integer not null,
        transcript TEXT,
        question_id bigint not null,
        primary key (id)
    )
Hibernate: 
    create table interview_sessions (
        id bigint generated by default as identity,
        company varchar(255) not null,
        created_at timestamp(6) not null,
        status varchar(255) not null check (status in ('INITIALIZED','ACTIVE','COMPLETED')),
        target_role varchar(255) not null,
        job_id bigint,
        user_id bigint not null,
        primary key (id)
    )
Hibernate: 
    create table jobs (
        id bigint generated by default as identity,
        company_name varchar(255) not null,
        created_at timestamp(6) not null,
        description varchar(2000) not null,
        skills_required varchar(255) not null,
        title varchar(255) not null,
        type varchar(255) not null,
        recruiter_id bigint not null,
        primary key (id)
    )
Hibernate: 
    create table performance_reports (
        id bigint generated by default as identity,
        overall_score integer not null,
        skill_breakdown TEXT,
        suggestions TEXT,
        interview_session_id bigint not null,
        primary key (id)
    )
Hibernate: 
    create table questions (
        id bigint generated by default as identity,
        content varchar(2000) not null,
        order_index integer not null,
        type varchar(255) not null check (type in ('BEHAVIORAL','TECHNICAL')),
        interview_session_id bigint not null,
        primary key (id)
    )
Hibernate: 
    create table users (
        id bigint generated by default as identity,
        email varchar(255) not null,
        password_hash varchar(255) not null,
        role varchar(255) not null check (role in ('CANDIDATE','COMPANY','ADMIN')),
        primary key (id)
    )
Hibernate: 
    alter table if exists company_profiles 
       drop constraint if exists UK_keoe2fkoov2ayipqqn1sso796
Hibernate: 
    alter table if exists company_profiles 
       add constraint UK_keoe2fkoov2ayipqqn1sso796 unique (name)
Hibernate: 
    alter table if exists company_profiles 
       drop constraint if exists UK_n70d8dh2hpookcqecr0nvqhld
Hibernate: 
    alter table if exists company_profiles 
       add constraint UK_n70d8dh2hpookcqecr0nvqhld unique (slug)
Hibernate: 
    alter table if exists interview_responses 
       drop constraint if exists UK_9vikdh93as32oy439wm1uch84
Hibernate: 
    alter table if exists interview_responses 
       add constraint UK_9vikdh93as32oy439wm1uch84 unique (question_id)
Hibernate: 
    alter table if exists performance_reports 
       drop constraint if exists UK_c1ja09aemiffctc3mafjtjunc
Hibernate: 
    alter table if exists performance_reports 
       add constraint UK_c1ja09aemiffctc3mafjtjunc unique (interview_session_id)
Hibernate: 
    alter table if exists users 
       drop constraint if exists UK_6dotkott2kjsp8vw4d0m25fb7
Hibernate: 
    alter table if exists users 
       add constraint UK_6dotkott2kjsp8vw4d0m25fb7 unique (email)
Hibernate: 
    alter table if exists interview_responses 
       add constraint FKjoymywlrwao4vu6l5vj60owgc 
       foreign key (question_id) 
       references questions
Hibernate: 
    alter table if exists interview_sessions 
       add constraint FKj365aaqbf3tfcsovaummcmvcj 
       foreign key (job_id) 
       references jobs
Hibernate: 
    alter table if exists interview_sessions 
       add constraint FKoa5rgsdu7rqa8y74yph1fuqe5 
       foreign key (user_id) 
       references users
Hibernate: 
    alter table if exists jobs 
       add constraint FK9syuy0yp9a2c0fkr98pvxpb8m 
       foreign key (recruiter_id) 
       references users
Hibernate: 
    alter table if exists performance_reports 
       add constraint FKimjko09jmqovifuxsgvi4wc2x 
       foreign key (interview_session_id) 
       references interview_sessions
Hibernate: 
    alter table if exists questions 
       add constraint FK2k3ggafpapoufd83xxb03wbeb 
       foreign key (interview_session_id) 
       references interview_sessions
2026-06-01T21:57:31.973+05:30  INFO 2564 --- [ai-interview-platform] [           main] j.LocalContainerEntityManagerFactoryBean : Initialized JPA EntityManagerFactory for persistence unit 'default'
2026-06-01T21:57:32.318+05:30  WARN 2564 --- [ai-interview-platform] [           main] JpaBaseConfiguration$JpaWebConfiguration : spring.jpa.open-in-view is enabled by default. Therefore, database queries may be performed during view rendering. Explicitly configure spring.jpa.open-in-view to disable this warning
2026-06-01T21:57:32.414+05:30  INFO 2564 --- [ai-interview-platform] [           main] o.s.s.web.DefaultSecurityFilterChain     : Will secure any request with [org.springframework.security.web.session.DisableEncodeUrlFilter@435848de, org.springframework.security.web.context.request.async.WebAsyncManagerIntegrationFilter@48971262, org.springframework.security.web.context.SecurityContextHolderFilter@4b1ef6a, org.springframework.security.web.header.HeaderWriterFilter@3ef2f84c, org.springframework.web.filter.CorsFilter@19d043a8, org.springframework.security.web.authentication.logout.LogoutFilter@37e9d191, com.interview.platform.config.JwtAuthFilter@3792fed8, org.springframework.security.web.savedrequest.RequestCacheAwareFilter@1c12f0f4, org.springframework.security.web.servletapi.SecurityContextHolderAwareRequestFilter@149bdb4e, org.springframework.security.web.authentication.AnonymousAuthenticationFilter@75f67fe5, org.springframework.security.web.session.SessionManagementFilter@63f609a4, org.springframework.security.web.access.ExceptionTranslationFilter@5c519da4, org.springframework.security.web.access.intercept.AuthorizationFilter@1bb21ec1]
2026-06-01T21:57:32.488+05:30  INFO 2564 --- [ai-interview-platform] [           main] o.s.b.a.h2.H2ConsoleAutoConfiguration    : H2 console available at '/h2-console'. Database available at 'jdbc:h2:mem:interviewdb'
2026-06-01T21:57:32.505+05:30  INFO 2564 --- [ai-interview-platform] [           main] c.interview.platform.ApplicationTests    : Started ApplicationTests in 1.511 seconds (process running for 1.805)
Hibernate: 
    select
        u1_0.id,
        u1_0.email,
        u1_0.password_hash,
        u1_0.role 
    from
        users u1_0 
    where
        u1_0.email=?
Hibernate: 
    insert 
    into
        users
        (email, password_hash, role, id) 
    values
        (?, ?, ?, default)
Seeded demo user: user@example.com / password
Hibernate: 
    select
        count(*) 
    from
        company_profiles cp1_0
Hibernate: 
    insert 
    into
        company_profiles
        (name, prompt_injection, slug, id) 
    values
        (?, ?, ?, default)
Hibernate: 
    insert 
    into
        company_profiles
        (name, prompt_injection, slug, id) 
    values
        (?, ?, ?, default)
Hibernate: 
    insert 
    into
        company_profiles
        (name, prompt_injection, slug, id) 
    values
        (?, ?, ?, default)
Hibernate: 
    insert 
    into
        company_profiles
        (name, prompt_injection, slug, id) 
    values
        (?, ?, ?, default)
Seeded default company prompt profiles.
]]></system-out>
    <system-err><![CDATA[WARNING: A Java agent has been loaded dynamically (/Users/asthapatel/.m2/repository/net/bytebuddy/byte-buddy-agent/1.14.13/byte-buddy-agent-1.14.13.jar)
WARNING: If a serviceability tool is in use, please run with -XX:+EnableDynamicAgentLoading to hide this warning
WARNING: If a serviceability tool is not in use, please run with -Djdk.instrument.traceUsage for more information
WARNING: Dynamic loading of agents will be disallowed by default in a future release
]]></system-err>
  </testcase>
</testsuite>